<?xml version="1.0" encoding="UTF-8"?>
<testsuite xmlns:xsi="http://www.w3.org/2001/XMLSchema-instance" xsi:noNamespaceSchemaLocation="https://maven.apache.org/surefire/maven-surefire-plugin/xsd/surefire-test-report-3.0.xsd" version="3.0" name="test.java.bank.BankTest" time="0.005" tests="5" errors="0" skipped="0" failures="0">
  <properties>
[...]
</properties>
  <testcase name="mergedBank_handlesDuplicates_withFreeHolesThenNextId" classname="test.java.bank.BankTest" time="0.001"/>
  <testcase name="getMedianId_delegatesToList" classname="test.java.bank.BankTest" time="0.0"/>
  <testcase name="payUserToUser_successAndFailures" classname="test.java.bank.BankTest" time="0.0"/>
  <testcase name="mergeAccounts_samePerson_keepsSmallerId_andReclaimsBigger" classname="test.java.bank.BankTest" time="0.001"/>
  <testcase name="addUser_and_reuseFreedIds" classname="test.java.bank.BankTest" time="0.001"/>
</testsuite>